<?xml version="1.0" encoding="UTF-8"?>
<!-- Generated by org.testng.reporters.JUnitXMLReporter -->
<testsuite ignored="44" hostname="Divya" failures="4" tests="24" name="Sanity Testing" time="3972.437" errors="0" timestamp="2024-07-25T16:41:09 IST">
  <testcase classname="com.standardClass.in.BaseTest" name="@BeforeMethod openBrowserURL" time="0.128">
    <failure type="org.openqa.selenium.NoSuchSessionException" message="invalid session id
Build info: version: &amp;apos;4.22.0&amp;apos;, revision: &amp;apos;c5f3146703*&amp;apos;
System info: os.name: &amp;apos;Windows 11&amp;apos;, os.arch: &amp;apos;amd64&amp;apos;, os.version: &amp;apos;10.0&amp;apos;, java.version: &amp;apos;17.0.11&amp;apos;
Driver info: org.openqa.selenium.chrome.ChromeDriver
Command: [aeb7f1c0ff1ffc9c9cf9654cfc0fae80, maximizeCurrentWindow {}]
Capabilities {acceptInsecureCerts: false, browserName: chrome, browserVersion: 126.0.6478.128, chrome: {chromedriverVersion: 126.0.6478.182 (5b5d8292ddf..., userDataDir: C:\Users\divya\AppData\Loca...}, fedcm:accounts: true, goog:chromeOptions: {debuggerAddress: localhost:58790}, networkConnectionEnabled: false, pageLoadStrategy: normal, platformName: windows, proxy: Proxy(), se:cdp: ws://localhost:58790/devtoo..., se:cdpVersion: 126.0.6478.128, setWindowRect: true, strictFileInteractability: false, timeouts: {implicit: 0, pageLoad: 300000, script: 30000}, unhandledPromptBehavior: dismiss and notify, webauthn:extension:credBlob: true, webauthn:extension:largeBlob: true, webauthn:extension:minPinLength: true, webauthn:extension:prf: true, webauthn:virtualAuthenticators: true}
Session ID: aeb7f1c0ff1ffc9c9cf9654cfc0fae80">
      <![CDATA[org.openqa.selenium.NoSuchSessionException: invalid session id
Build info: version: '4.22.0', revision: 'c5f3146703*'
System info: os.name: 'Windows 11', os.arch: 'amd64', os.version: '10.0', java.version: '17.0.11'
Driver info: org.openqa.selenium.chrome.ChromeDriver
Command: [aeb7f1c0ff1ffc9c9cf9654cfc0fae80, maximizeCurrentWindow {}]
Capabilities {acceptInsecureCerts: false, browserName: chrome, browserVersion: 126.0.6478.128, chrome: {chromedriverVersion: 126.0.6478.182 (5b5d8292ddf..., userDataDir: C:\Users\divya\AppData\Loca...}, fedcm:accounts: true, goog:chromeOptions: {debuggerAddress: localhost:58790}, networkConnectionEnabled: false, pageLoadStrategy: normal, platformName: windows, proxy: Proxy(), se:cdp: ws://localhost:58790/devtoo..., se:cdpVersion: 126.0.6478.128, setWindowRect: true, strictFileInteractability: false, timeouts: {implicit: 0, pageLoad: 300000, script: 30000}, unhandledPromptBehavior: dismiss and notify, webauthn:extension:credBlob: true, webauthn:extension:largeBlob: true, webauthn:extension:minPinLength: true, webauthn:extension:prf: true, webauthn:virtualAuthenticators: true}
Session ID: aeb7f1c0ff1ffc9c9cf9654cfc0fae80
at org.openqa.selenium.remote.ErrorCodec.decode(ErrorCodec.java:167)
at org.openqa.selenium.remote.codec.w3c.W3CHttpResponseCodec.decode(W3CHttpResponseCodec.java:138)
at org.openqa.selenium.remote.codec.w3c.W3CHttpResponseCodec.decode(W3CHttpResponseCodec.java:50)
at org.openqa.selenium.remote.HttpCommandExecutor.execute(HttpCommandExecutor.java:190)
at org.openqa.selenium.remote.service.DriverCommandExecutor.invokeExecute(DriverCommandExecutor.java:216)
at org.openqa.selenium.remote.service.DriverCommandExecutor.execute(DriverCommandExecutor.java:174)
at org.openqa.selenium.remote.RemoteWebDriver.execute(RemoteWebDriver.java:518)
at org.openqa.selenium.remote.RemoteWebDriver.execute(RemoteWebDriver.java:591)
at org.openqa.selenium.remote.RemoteWebDriver.execute(RemoteWebDriver.java:595)
at org.openqa.selenium.remote.RemoteWebDriver$RemoteWebDriverOptions$RemoteWindow.maximize(RemoteWebDriver.java:1034)
at com.standardClass.in.BaseTest.openBrowserURL(BaseTest.java:71)
at java.base/java.util.ArrayList.forEach(ArrayList.java:1511)
... Removed 36 stack frames]]>
    </failure>
  </testcase> <!-- @BeforeMethod openBrowserURL -->
  <testcase classname="com.standardClass.in.BaseTest" name="@AfterMethod Failed" time="0.0">
    <skipped/>
  </testcase> <!-- @AfterMethod Failed -->
  <testcase classname="com.standardClass.in.BaseTest" name="@AfterMethod Failed" time="0.009">
    <failure type="org.openqa.selenium.WebDriverException" message="disconnected: not connected to DevTools
  (failed to check if window was closed: disconnected: not connected to DevTools)
  (Session info: chrome=126.0.6478.128)
Build info: version: &amp;apos;4.22.0&amp;apos;, revision: &amp;apos;c5f3146703*&amp;apos;
System info: os.name: &amp;apos;Windows 11&amp;apos;, os.arch: &amp;apos;amd64&amp;apos;, os.version: &amp;apos;10.0&amp;apos;, java.version: &amp;apos;17.0.11&amp;apos;
Driver info: org.openqa.selenium.chrome.ChromeDriver
Command: [163b8f3bb0571027f3eec8049314701f, screenshot {}]
Capabilities {acceptInsecureCerts: false, browserName: chrome, browserVersion: 126.0.6478.128, chrome: {chromedriverVersion: 126.0.6478.182 (5b5d8292ddf..., userDataDir: C:\Users\divya\AppData\Loca...}, fedcm:accounts: true, goog:chromeOptions: {debuggerAddress: localhost:59017}, networkConnectionEnabled: false, pageLoadStrategy: normal, platformName: windows, proxy: Proxy(), se:cdp: ws://localhost:59017/devtoo..., se:cdpVersion: 126.0.6478.128, setWindowRect: true, strictFileInteractability: false, timeouts: {implicit: 0, pageLoad: 300000, script: 30000}, unhandledPromptBehavior: dismiss and notify, webauthn:extension:credBlob: true, webauthn:extension:largeBlob: true, webauthn:extension:minPinLength: true, webauthn:extension:prf: true, webauthn:virtualAuthenticators: true}
Session ID: 163b8f3bb0571027f3eec8049314701f">
      <![CDATA[org.openqa.selenium.WebDriverException: disconnected: not connected to DevTools
  (failed to check if window was closed: disconnected: not connected to DevTools)
  (Session info: chrome=126.0.6478.128)
Build info: version: '4.22.0', revision: 'c5f3146703*'
System info: os.name: 'Windows 11', os.arch: 'amd64', os.version: '10.0', java.version: '17.0.11'
Driver info: org.openqa.selenium.chrome.ChromeDriver
Command: [163b8f3bb0571027f3eec8049314701f, screenshot {}]
Capabilities {acceptInsecureCerts: false, browserName: chrome, browserVersion: 126.0.6478.128, chrome: {chromedriverVersion: 126.0.6478.182 (5b5d8292ddf..., userDataDir: C:\Users\divya\AppData\Loca...}, fedcm:accounts: true, goog:chromeOptions: {debuggerAddress: localhost:59017}, networkConnectionEnabled: false, pageLoadStrategy: normal, platformName: windows, proxy: Proxy(), se:cdp: ws://localhost:59017/devtoo..., se:cdpVersion: 126.0.6478.128, setWindowRect: true, strictFileInteractability: false, timeouts: {implicit: 0, pageLoad: 300000, script: 30000}, unhandledPromptBehavior: dismiss and notify, webauthn:extension:credBlob: true, webauthn:extension:largeBlob: true, webauthn:extension:minPinLength: true, webauthn:extension:prf: true, webauthn:virtualAuthenticators: true}
Session ID: 163b8f3bb0571027f3eec8049314701f
at org.openqa.selenium.remote.ErrorCodec.decode(ErrorCodec.java:167)
at org.openqa.selenium.remote.codec.w3c.W3CHttpResponseCodec.decode(W3CHttpResponseCodec.java:138)
at org.openqa.selenium.remote.codec.w3c.W3CHttpResponseCodec.decode(W3CHttpResponseCodec.java:50)
at org.openqa.selenium.remote.HttpCommandExecutor.execute(HttpCommandExecutor.java:190)
at org.openqa.selenium.remote.service.DriverCommandExecutor.invokeExecute(DriverCommandExecutor.java:216)
at org.openqa.selenium.remote.service.DriverCommandExecutor.execute(DriverCommandExecutor.java:174)
at org.openqa.selenium.remote.RemoteWebDriver.execute(RemoteWebDriver.java:518)
at org.openqa.selenium.remote.RemoteWebDriver.execute(RemoteWebDriver.java:591)
at org.openqa.selenium.remote.RemoteWebDriver.execute(RemoteWebDriver.java:595)
at org.openqa.selenium.remote.RemoteWebDriver.getScreenshotAs(RemoteWebDriver.java:321)
at com.standardClass.in.BaseTest.ScreenCapture(BaseTest.java:115)
at com.standardClass.in.BaseTest.Failed(BaseTest.java:100)
at java.base/java.util.ArrayList.forEach(ArrayList.java:1511)
... Removed 36 stack frames]]>
    </failure>
  </testcase> <!-- @AfterMethod Failed -->
  <testcase classname="com.testCase.in.OHRM_TCL_007" name="valUsempPw" time="16.376">
    <failure type="org.openqa.selenium.NoSuchElementException" message="no such element: Unable to locate element: {&amp;quot;method&amp;quot;:&amp;quot;xpath&amp;quot;,&amp;quot;selector&amp;quot;:&amp;quot;//*[@role=&amp;apos;alert&amp;apos;]/div/p&amp;quot;}
  (Session info: chrome=126.0.6478.128)
For documentation on this error, please visit: https://www.selenium.dev/documentation/webdriver/troubleshooting/errors#no-such-element-exception
Build info: version: &amp;apos;4.22.0&amp;apos;, revision: &amp;apos;c5f3146703*&amp;apos;
System info: os.name: &amp;apos;Windows 11&amp;apos;, os.arch: &amp;apos;amd64&amp;apos;, os.version: &amp;apos;10.0&amp;apos;, java.version: &amp;apos;17.0.11&amp;apos;
Driver info: org.openqa.selenium.chrome.ChromeDriver
Command: [fb62ee6ee3dcc88a83dcfcde68991922, findElement {using=xpath, value=//*[@role=&amp;apos;alert&amp;apos;]/div/p}]
Capabilities {acceptInsecureCerts: false, browserName: chrome, browserVersion: 126.0.6478.128, chrome: {chromedriverVersion: 126.0.6478.182 (5b5d8292ddf..., userDataDir: C:\Users\divya\AppData\Loca...}, fedcm:accounts: true, goog:chromeOptions: {debuggerAddress: localhost:58500}, networkConnectionEnabled: false, pageLoadStrategy: normal, platformName: windows, proxy: Proxy(), se:cdp: ws://localhost:58500/devtoo..., se:cdpVersion: 126.0.6478.128, setWindowRect: true, strictFileInteractability: false, timeouts: {implicit: 0, pageLoad: 300000, script: 30000}, unhandledPromptBehavior: dismiss and notify, webauthn:extension:credBlob: true, webauthn:extension:largeBlob: true, webauthn:extension:minPinLength: true, webauthn:extension:prf: true, webauthn:virtualAuthenticators: true}
Session ID: fb62ee6ee3dcc88a83dcfcde68991922">
      <![CDATA[org.openqa.selenium.NoSuchElementException: no such element: Unable to locate element: {"method":"xpath","selector":"//*[@role='alert']/div/p"}
  (Session info: chrome=126.0.6478.128)
For documentation on this error, please visit: https://www.selenium.dev/documentation/webdriver/troubleshooting/errors#no-such-element-exception
Build info: version: '4.22.0', revision: 'c5f3146703*'
System info: os.name: 'Windows 11', os.arch: 'amd64', os.version: '10.0', java.version: '17.0.11'
Driver info: org.openqa.selenium.chrome.ChromeDriver
Command: [fb62ee6ee3dcc88a83dcfcde68991922, findElement {using=xpath, value=//*[@role='alert']/div/p}]
Capabilities {acceptInsecureCerts: false, browserName: chrome, browserVersion: 126.0.6478.128, chrome: {chromedriverVersion: 126.0.6478.182 (5b5d8292ddf..., userDataDir: C:\Users\divya\AppData\Loca...}, fedcm:accounts: true, goog:chromeOptions: {debuggerAddress: localhost:58500}, networkConnectionEnabled: false, pageLoadStrategy: normal, platformName: windows, proxy: Proxy(), se:cdp: ws://localhost:58500/devtoo..., se:cdpVersion: 126.0.6478.128, setWindowRect: true, strictFileInteractability: false, timeouts: {implicit: 0, pageLoad: 300000, script: 30000}, unhandledPromptBehavior: dismiss and notify, webauthn:extension:credBlob: true, webauthn:extension:largeBlob: true, webauthn:extension:minPinLength: true, webauthn:extension:prf: true, webauthn:virtualAuthenticators: true}
Session ID: fb62ee6ee3dcc88a83dcfcde68991922
at org.openqa.selenium.remote.ErrorCodec.decode(ErrorCodec.java:167)
at org.openqa.selenium.remote.codec.w3c.W3CHttpResponseCodec.decode(W3CHttpResponseCodec.java:138)
at org.openqa.selenium.remote.codec.w3c.W3CHttpResponseCodec.decode(W3CHttpResponseCodec.java:50)
at org.openqa.selenium.remote.HttpCommandExecutor.execute(HttpCommandExecutor.java:190)
at org.openqa.selenium.remote.service.DriverCommandExecutor.invokeExecute(DriverCommandExecutor.java:216)
at org.openqa.selenium.remote.service.DriverCommandExecutor.execute(DriverCommandExecutor.java:174)
at org.openqa.selenium.remote.RemoteWebDriver.execute(RemoteWebDriver.java:518)
at org.openqa.selenium.remote.ElementLocation$ElementFinder$2.findElement(ElementLocation.java:165)
at org.openqa.selenium.remote.ElementLocation.findElement(ElementLocation.java:59)
at org.openqa.selenium.remote.RemoteWebDriver.findElement(RemoteWebDriver.java:355)
at org.openqa.selenium.remote.RemoteWebDriver.findElement(RemoteWebDriver.java:349)
at com.testCase.in.OHRM_TCL_007.valUsempPw(OHRM_TCL_007.java:25)
at java.base/java.util.ArrayList.forEach(ArrayList.java:1511)
... Removed 32 stack frames]]>
    </failure>
  </testcase> <!-- valUsempPw -->
  <testcase classname="com.testCase.in.OHRM_TCL_029" name="verifyMaxCharPw" time="10.389"/>
  <testcase classname="com.testCase.in.OHRM_TCL_008" name="specialCharUserValPw" time="11.137"/>
  <testcase classname="com.testCase.in.OHRM_TCL_005" name="empUsemPw" time="10.396"/>
  <testcase classname="com.testCase.in.OHRM_TCL_027" name="verifyMinCharPw" time="10.497"/>
  <testcase classname="com.testCase.in.OHRM_TCL_006" name="empUsValPw" time="15.984">
    <failure type="org.openqa.selenium.NoSuchElementException" message="no such element: Unable to locate element: {&amp;quot;method&amp;quot;:&amp;quot;xpath&amp;quot;,&amp;quot;selector&amp;quot;:&amp;quot;//*[@role=&amp;apos;alert&amp;apos;]/div/p&amp;quot;}
  (Session info: chrome=126.0.6478.128)
For documentation on this error, please visit: https://www.selenium.dev/documentation/webdriver/troubleshooting/errors#no-such-element-exception
Build info: version: &amp;apos;4.22.0&amp;apos;, revision: &amp;apos;c5f3146703*&amp;apos;
System info: os.name: &amp;apos;Windows 11&amp;apos;, os.arch: &amp;apos;amd64&amp;apos;, os.version: &amp;apos;10.0&amp;apos;, java.version: &amp;apos;17.0.11&amp;apos;
Driver info: org.openqa.selenium.chrome.ChromeDriver
Command: [d9d5e619313a449c625c7ffc486b1f58, findElement {using=xpath, value=//*[@role=&amp;apos;alert&amp;apos;]/div/p}]
Capabilities {acceptInsecureCerts: false, browserName: chrome, browserVersion: 126.0.6478.128, chrome: {chromedriverVersion: 126.0.6478.182 (5b5d8292ddf..., userDataDir: C:\Users\divya\AppData\Loca...}, fedcm:accounts: true, goog:chromeOptions: {debuggerAddress: localhost:58658}, networkConnectionEnabled: false, pageLoadStrategy: normal, platformName: windows, proxy: Proxy(), se:cdp: ws://localhost:58658/devtoo..., se:cdpVersion: 126.0.6478.128, setWindowRect: true, strictFileInteractability: false, timeouts: {implicit: 0, pageLoad: 300000, script: 30000}, unhandledPromptBehavior: dismiss and notify, webauthn:extension:credBlob: true, webauthn:extension:largeBlob: true, webauthn:extension:minPinLength: true, webauthn:extension:prf: true, webauthn:virtualAuthenticators: true}
Session ID: d9d5e619313a449c625c7ffc486b1f58">
      <![CDATA[org.openqa.selenium.NoSuchElementException: no such element: Unable to locate element: {"method":"xpath","selector":"//*[@role='alert']/div/p"}
  (Session info: chrome=126.0.6478.128)
For documentation on this error, please visit: https://www.selenium.dev/documentation/webdriver/troubleshooting/errors#no-such-element-exception
Build info: version: '4.22.0', revision: 'c5f3146703*'
System info: os.name: 'Windows 11', os.arch: 'amd64', os.version: '10.0', java.version: '17.0.11'
Driver info: org.openqa.selenium.chrome.ChromeDriver
Command: [d9d5e619313a449c625c7ffc486b1f58, findElement {using=xpath, value=//*[@role='alert']/div/p}]
Capabilities {acceptInsecureCerts: false, browserName: chrome, browserVersion: 126.0.6478.128, chrome: {chromedriverVersion: 126.0.6478.182 (5b5d8292ddf..., userDataDir: C:\Users\divya\AppData\Loca...}, fedcm:accounts: true, goog:chromeOptions: {debuggerAddress: localhost:58658}, networkConnectionEnabled: false, pageLoadStrategy: normal, platformName: windows, proxy: Proxy(), se:cdp: ws://localhost:58658/devtoo..., se:cdpVersion: 126.0.6478.128, setWindowRect: true, strictFileInteractability: false, timeouts: {implicit: 0, pageLoad: 300000, script: 30000}, unhandledPromptBehavior: dismiss and notify, webauthn:extension:credBlob: true, webauthn:extension:largeBlob: true, webauthn:extension:minPinLength: true, webauthn:extension:prf: true, webauthn:virtualAuthenticators: true}
Session ID: d9d5e619313a449c625c7ffc486b1f58
at org.openqa.selenium.remote.ErrorCodec.decode(ErrorCodec.java:167)
at org.openqa.selenium.remote.codec.w3c.W3CHttpResponseCodec.decode(W3CHttpResponseCodec.java:138)
at org.openqa.selenium.remote.codec.w3c.W3CHttpResponseCodec.decode(W3CHttpResponseCodec.java:50)
at org.openqa.selenium.remote.HttpCommandExecutor.execute(HttpCommandExecutor.java:190)
at org.openqa.selenium.remote.service.DriverCommandExecutor.invokeExecute(DriverCommandExecutor.java:216)
at org.openqa.selenium.remote.service.DriverCommandExecutor.execute(DriverCommandExecutor.java:174)
at org.openqa.selenium.remote.RemoteWebDriver.execute(RemoteWebDriver.java:518)
at org.openqa.selenium.remote.ElementLocation$ElementFinder$2.findElement(ElementLocation.java:165)
at org.openqa.selenium.remote.ElementLocation.findElement(ElementLocation.java:59)
at org.openqa.selenium.remote.RemoteWebDriver.findElement(RemoteWebDriver.java:355)
at org.openqa.selenium.remote.RemoteWebDriver.findElement(RemoteWebDriver.java:349)
at com.testCase.in.OHRM_TCL_006.empUsValPw(OHRM_TCL_006.java:25)
at java.base/java.util.ArrayList.forEach(ArrayList.java:1511)
... Removed 32 stack frames]]>
    </failure>
  </testcase> <!-- empUsValPw -->
  <testcase classname="com.testCase.in.OHRM_TCL_028" name="verifyMaxCharUser" time="10.001"/>
  <testcase classname="com.testCase.in.OHRM_TCL_003" name="InvUserValPw" time="10.956"/>
  <testcase classname="com.testCase.in.OHRM_TCL_014" name="loginByKeyboardkeys" time="15.591"/>
  <testcase classname="com.testCase.in.OHRM_TCL_025" name="vUsvPw" time="11.594"/>
  <testcase classname="com.testCase.in.OHRM_TCL_025" name="OpeningBrowserwithoutLoggedOut" time="0.0">
    <skipped/>
  </testcase> <!-- OpeningBrowserwithoutLoggedOut -->
  <testcase classname="com.testCase.in.OHRM_TCL_004" name="ValUsInvPw" time="10.645"/>
  <testcase classname="com.testCase.in.OHRM_TCL_015" name="hiddenVisibilityofPW" time="5.842"/>
  <testcase classname="com.testCase.in.OHRM_TCL_026" name="minimumCharInUsername" time="11.311"/>
  <testcase classname="com.testCase.in.OHRM_TCL_001" name="vUsvPw" time="10.667"/>
  <testcase classname="com.testCase.in.OHRM_TCL_012" name="FirstLetterUserLorUCaseValPw" time="11.951"/>
  <testcase classname="com.testCase.in.OHRM_TCL_023" name="notCopyingOfPw" time="12.322"/>
  <testcase classname="com.testCase.in.OHRM_TCL_002" name="InvUsInvPw" time="0.005">
    <failure type="org.openqa.selenium.WebDriverException" message="disconnected: not connected to DevTools
  (failed to check if window was closed: disconnected: not connected to DevTools)
  (Session info: chrome=126.0.6478.128)
Build info: version: &amp;apos;4.22.0&amp;apos;, revision: &amp;apos;c5f3146703*&amp;apos;
System info: os.name: &amp;apos;Windows 11&amp;apos;, os.arch: &amp;apos;amd64&amp;apos;, os.version: &amp;apos;10.0&amp;apos;, java.version: &amp;apos;17.0.11&amp;apos;
Driver info: org.openqa.selenium.chrome.ChromeDriver
Command: [163b8f3bb0571027f3eec8049314701f, findElement {using=name, value=username}]
Capabilities {acceptInsecureCerts: false, browserName: chrome, browserVersion: 126.0.6478.128, chrome: {chromedriverVersion: 126.0.6478.182 (5b5d8292ddf..., userDataDir: C:\Users\divya\AppData\Loca...}, fedcm:accounts: true, goog:chromeOptions: {debuggerAddress: localhost:59017}, networkConnectionEnabled: false, pageLoadStrategy: normal, platformName: windows, proxy: Proxy(), se:cdp: ws://localhost:59017/devtoo..., se:cdpVersion: 126.0.6478.128, setWindowRect: true, strictFileInteractability: false, timeouts: {implicit: 0, pageLoad: 300000, script: 30000}, unhandledPromptBehavior: dismiss and notify, webauthn:extension:credBlob: true, webauthn:extension:largeBlob: true, webauthn:extension:minPinLength: true, webauthn:extension:prf: true, webauthn:virtualAuthenticators: true}
Session ID: 163b8f3bb0571027f3eec8049314701f">
      <![CDATA[org.openqa.selenium.WebDriverException: disconnected: not connected to DevTools
  (failed to check if window was closed: disconnected: not connected to DevTools)
  (Session info: chrome=126.0.6478.128)
Build info: version: '4.22.0', revision: 'c5f3146703*'
System info: os.name: 'Windows 11', os.arch: 'amd64', os.version: '10.0', java.version: '17.0.11'
Driver info: org.openqa.selenium.chrome.ChromeDriver
Command: [163b8f3bb0571027f3eec8049314701f, findElement {using=name, value=username}]
Capabilities {acceptInsecureCerts: false, browserName: chrome, browserVersion: 126.0.6478.128, chrome: {chromedriverVersion: 126.0.6478.182 (5b5d8292ddf..., userDataDir: C:\Users\divya\AppData\Loca...}, fedcm:accounts: true, goog:chromeOptions: {debuggerAddress: localhost:59017}, networkConnectionEnabled: false, pageLoadStrategy: normal, platformName: windows, proxy: Proxy(), se:cdp: ws://localhost:59017/devtoo..., se:cdpVersion: 126.0.6478.128, setWindowRect: true, strictFileInteractability: false, timeouts: {implicit: 0, pageLoad: 300000, script: 30000}, unhandledPromptBehavior: dismiss and notify, webauthn:extension:credBlob: true, webauthn:extension:largeBlob: true, webauthn:extension:minPinLength: true, webauthn:extension:prf: true, webauthn:virtualAuthenticators: true}
Session ID: 163b8f3bb0571027f3eec8049314701f
at org.openqa.selenium.remote.ErrorCodec.decode(ErrorCodec.java:167)
at org.openqa.selenium.remote.codec.w3c.W3CHttpResponseCodec.decode(W3CHttpResponseCodec.java:138)
at org.openqa.selenium.remote.codec.w3c.W3CHttpResponseCodec.decode(W3CHttpResponseCodec.java:50)
at org.openqa.selenium.remote.HttpCommandExecutor.execute(HttpCommandExecutor.java:190)
at org.openqa.selenium.remote.service.DriverCommandExecutor.invokeExecute(DriverCommandExecutor.java:216)
at org.openqa.selenium.remote.service.DriverCommandExecutor.execute(DriverCommandExecutor.java:174)
at org.openqa.selenium.remote.RemoteWebDriver.execute(RemoteWebDriver.java:518)
at org.openqa.selenium.remote.ElementLocation$ElementFinder$2.findElement(ElementLocation.java:165)
at org.openqa.selenium.remote.ElementLocation.findElement(ElementLocation.java:66)
at org.openqa.selenium.remote.RemoteWebDriver.findElement(RemoteWebDriver.java:355)
at org.openqa.selenium.remote.RemoteWebDriver.findElement(RemoteWebDriver.java:349)
at org.openqa.selenium.support.pagefactory.DefaultElementLocator.findElement(DefaultElementLocator.java:68)
at org.openqa.selenium.support.pagefactory.internal.LocatingElementHandler.invoke(LocatingElementHandler.java:38)
at jdk.proxy2/jdk.proxy2.$Proxy35.clear(Unknown Source)
at com.pageObject.in.LoginWebpage.userNameField(LoginWebpage.java:35)
at com.testCase.in.OHRM_TCL_002.InvUsInvPw(OHRM_TCL_002.java:18)
at java.base/java.util.ArrayList.forEach(ArrayList.java:1511)
... Removed 32 stack frames]]>
    </failure>
  </testcase> <!-- InvUsInvPw -->
  <testcase classname="com.testCase.in.OHRM_TCL_013" name="LorUcaseForBothUsandPw" time="10.134"/>
  <testcase classname="com.testCase.in.OHRM_TCL_009" name="valUserSpecialCharPw" time="15.299">
    <failure type="org.openqa.selenium.NoSuchElementException" message="no such element: Unable to locate element: {&amp;quot;method&amp;quot;:&amp;quot;xpath&amp;quot;,&amp;quot;selector&amp;quot;:&amp;quot;//*[@class=&amp;apos;oxd-topbar-header-breadcrumb&amp;apos;]/h6&amp;quot;}
  (Session info: chrome=126.0.6478.128)
For documentation on this error, please visit: https://www.selenium.dev/documentation/webdriver/troubleshooting/errors#no-such-element-exception
Build info: version: &amp;apos;4.22.0&amp;apos;, revision: &amp;apos;c5f3146703*&amp;apos;
System info: os.name: &amp;apos;Windows 11&amp;apos;, os.arch: &amp;apos;amd64&amp;apos;, os.version: &amp;apos;10.0&amp;apos;, java.version: &amp;apos;17.0.11&amp;apos;
Driver info: org.openqa.selenium.chrome.ChromeDriver
Command: [14f758084d71355e73afb20a8edd4543, findElement {using=xpath, value=//*[@class=&amp;apos;oxd-topbar-header-breadcrumb&amp;apos;]/h6}]
Capabilities {acceptInsecureCerts: false, browserName: chrome, browserVersion: 126.0.6478.128, chrome: {chromedriverVersion: 126.0.6478.182 (5b5d8292ddf..., userDataDir: C:\Users\divya\AppData\Loca...}, fedcm:accounts: true, goog:chromeOptions: {debuggerAddress: localhost:59139}, networkConnectionEnabled: false, pageLoadStrategy: normal, platformName: windows, proxy: Proxy(), se:cdp: ws://localhost:59139/devtoo..., se:cdpVersion: 126.0.6478.128, setWindowRect: true, strictFileInteractability: false, timeouts: {implicit: 0, pageLoad: 300000, script: 30000}, unhandledPromptBehavior: dismiss and notify, webauthn:extension:credBlob: true, webauthn:extension:largeBlob: true, webauthn:extension:minPinLength: true, webauthn:extension:prf: true, webauthn:virtualAuthenticators: true}
Session ID: 14f758084d71355e73afb20a8edd4543">
      <![CDATA[org.openqa.selenium.NoSuchElementException: no such element: Unable to locate element: {"method":"xpath","selector":"//*[@class='oxd-topbar-header-breadcrumb']/h6"}
  (Session info: chrome=126.0.6478.128)
For documentation on this error, please visit: https://www.selenium.dev/documentation/webdriver/troubleshooting/errors#no-such-element-exception
Build info: version: '4.22.0', revision: 'c5f3146703*'
System info: os.name: 'Windows 11', os.arch: 'amd64', os.version: '10.0', java.version: '17.0.11'
Driver info: org.openqa.selenium.chrome.ChromeDriver
Command: [14f758084d71355e73afb20a8edd4543, findElement {using=xpath, value=//*[@class='oxd-topbar-header-breadcrumb']/h6}]
Capabilities {acceptInsecureCerts: false, browserName: chrome, browserVersion: 126.0.6478.128, chrome: {chromedriverVersion: 126.0.6478.182 (5b5d8292ddf..., userDataDir: C:\Users\divya\AppData\Loca...}, fedcm:accounts: true, goog:chromeOptions: {debuggerAddress: localhost:59139}, networkConnectionEnabled: false, pageLoadStrategy: normal, platformName: windows, proxy: Proxy(), se:cdp: ws://localhost:59139/devtoo..., se:cdpVersion: 126.0.6478.128, setWindowRect: true, strictFileInteractability: false, timeouts: {implicit: 0, pageLoad: 300000, script: 30000}, unhandledPromptBehavior: dismiss and notify, webauthn:extension:credBlob: true, webauthn:extension:largeBlob: true, webauthn:extension:minPinLength: true, webauthn:extension:prf: true, webauthn:virtualAuthenticators: true}
Session ID: 14f758084d71355e73afb20a8edd4543
at org.openqa.selenium.remote.ErrorCodec.decode(ErrorCodec.java:167)
at org.openqa.selenium.remote.codec.w3c.W3CHttpResponseCodec.decode(W3CHttpResponseCodec.java:138)
at org.openqa.selenium.remote.codec.w3c.W3CHttpResponseCodec.decode(W3CHttpResponseCodec.java:50)
at org.openqa.selenium.remote.HttpCommandExecutor.execute(HttpCommandExecutor.java:190)
at org.openqa.selenium.remote.service.DriverCommandExecutor.invokeExecute(DriverCommandExecutor.java:216)
at org.openqa.selenium.remote.service.DriverCommandExecutor.execute(DriverCommandExecutor.java:174)
at org.openqa.selenium.remote.RemoteWebDriver.execute(RemoteWebDriver.java:518)
at org.openqa.selenium.remote.ElementLocation$ElementFinder$2.findElement(ElementLocation.java:165)
at org.openqa.selenium.remote.ElementLocation.findElement(ElementLocation.java:59)
at org.openqa.selenium.remote.RemoteWebDriver.findElement(RemoteWebDriver.java:355)
at org.openqa.selenium.remote.RemoteWebDriver.findElement(RemoteWebDriver.java:349)
at com.testCase.in.OHRM_TCL_009.valUserSpecialCharPw(OHRM_TCL_009.java:22)
at java.base/java.util.ArrayList.forEach(ArrayList.java:1511)
... Removed 32 stack frames]]>
    </failure>
  </testcase> <!-- valUserSpecialCharPw -->
  <testcase classname="com.testCase.in.OHRM_TCL_010" name="valUserAllCapitalLetterPw" time="11.516"/>
  <testcase classname="com.testCase.in.OHRM_TCL_011" name="ValUserFirstLetterPwLorUCase" time="9.893"/>
  <testcase classname="com.testCase.in.OHRM_TCL_030" name="verifyCharRangeUserandPassword" time="9.999"/>
  <testcase classname="com.testCase.in.OHRM_TCL_031" name="VerifyLoginAftLoggedOut" time="0.642"/>
  <testcase classname="com.standardClass.in.BaseTest" name="@BeforeTest extentReportSetup" time="0.0">
    <ignored/>
  </testcase> <!-- @BeforeTest extentReportSetup -->
  <testcase classname="com.standardClass.in.BaseTest" name="@AfterTest extentClose" time="0.0">
    <ignored/>
  </testcase> <!-- @AfterTest extentClose -->
  <testcase classname="com.standardClass.in.BaseTest" name="@AfterTest extentClose" time="0.0">
    <ignored/>
  </testcase> <!-- @AfterTest extentClose -->
  <testcase classname="com.standardClass.in.BaseTest" name="@BeforeTest extentReportSetup" time="0.0">
    <ignored/>
  </testcase> <!-- @BeforeTest extentReportSetup -->
  <testcase classname="com.standardClass.in.BaseTest" name="@BeforeTest extentReportSetup" time="0.0">
    <ignored/>
  </testcase> <!-- @BeforeTest extentReportSetup -->
  <testcase classname="com.standardClass.in.BaseTest" name="@BeforeTest extentReportSetup" time="0.0">
    <ignored/>
  </testcase> <!-- @BeforeTest extentReportSetup -->
  <testcase classname="com.standardClass.in.BaseTest" name="@BeforeTest extentReportSetup" time="0.0">
    <ignored/>
  </testcase> <!-- @BeforeTest extentReportSetup -->
  <testcase classname="com.standardClass.in.BaseTest" name="@AfterTest extentClose" time="0.0">
    <ignored/>
  </testcase> <!-- @AfterTest extentClose -->
  <testcase classname="com.standardClass.in.BaseTest" name="@BeforeTest extentReportSetup" time="0.0">
    <ignored/>
  </testcase> <!-- @BeforeTest extentReportSetup -->
  <testcase classname="com.standardClass.in.BaseTest" name="@AfterTest extentClose" time="0.0">
    <ignored/>
  </testcase> <!-- @AfterTest extentClose -->
  <testcase classname="com.standardClass.in.BaseTest" name="@AfterTest extentClose" time="0.0">
    <ignored/>
  </testcase> <!-- @AfterTest extentClose -->
  <testcase classname="com.standardClass.in.BaseTest" name="@AfterTest extentClose" time="0.0">
    <ignored/>
  </testcase> <!-- @AfterTest extentClose -->
  <testcase classname="com.standardClass.in.BaseTest" name="@AfterTest extentClose" time="0.0">
    <ignored/>
  </testcase> <!-- @AfterTest extentClose -->
  <testcase classname="com.standardClass.in.BaseTest" name="@BeforeTest extentReportSetup" time="0.0">
    <ignored/>
  </testcase> <!-- @BeforeTest extentReportSetup -->
  <testcase classname="com.standardClass.in.BaseTest" name="@BeforeTest extentReportSetup" time="0.0">
    <ignored/>
  </testcase> <!-- @BeforeTest extentReportSetup -->
  <testcase classname="com.standardClass.in.BaseTest" name="@AfterTest extentClose" time="0.0">
    <ignored/>
  </testcase> <!-- @AfterTest extentClose -->
  <testcase classname="com.standardClass.in.BaseTest" name="@AfterTest extentClose" time="0.0">
    <ignored/>
  </testcase> <!-- @AfterTest extentClose -->
  <testcase classname="com.standardClass.in.BaseTest" name="@BeforeTest extentReportSetup" time="0.0">
    <ignored/>
  </testcase> <!-- @BeforeTest extentReportSetup -->
  <testcase classname="com.standardClass.in.BaseTest" name="@BeforeTest extentReportSetup" time="0.0">
    <ignored/>
  </testcase> <!-- @BeforeTest extentReportSetup -->
  <testcase classname="com.standardClass.in.BaseTest" name="@BeforeTest extentReportSetup" time="0.0">
    <ignored/>
  </testcase> <!-- @BeforeTest extentReportSetup -->
  <testcase classname="com.standardClass.in.BaseTest" name="@AfterTest extentClose" time="0.0">
    <ignored/>
  </testcase> <!-- @AfterTest extentClose -->
  <testcase classname="com.standardClass.in.BaseTest" name="@BeforeTest extentReportSetup" time="0.0">
    <ignored/>
  </testcase> <!-- @BeforeTest extentReportSetup -->
  <testcase classname="com.standardClass.in.BaseTest" name="@AfterTest extentClose" time="0.0">
    <ignored/>
  </testcase> <!-- @AfterTest extentClose -->
  <testcase classname="com.standardClass.in.BaseTest" name="@AfterTest extentClose" time="0.0">
    <ignored/>
  </testcase> <!-- @AfterTest extentClose -->
  <testcase classname="com.standardClass.in.BaseTest" name="@AfterTest extentClose" time="0.0">
    <ignored/>
  </testcase> <!-- @AfterTest extentClose -->
  <testcase classname="com.standardClass.in.BaseTest" name="@AfterTest extentClose" time="0.0">
    <ignored/>
  </testcase> <!-- @AfterTest extentClose -->
  <testcase classname="com.standardClass.in.BaseTest" name="@BeforeTest extentReportSetup" time="0.0">
    <ignored/>
  </testcase> <!-- @BeforeTest extentReportSetup -->
  <testcase classname="com.standardClass.in.BaseTest" name="@AfterTest extentClose" time="0.0">
    <ignored/>
  </testcase> <!-- @AfterTest extentClose -->
  <testcase classname="com.standardClass.in.BaseTest" name="@BeforeTest extentReportSetup" time="0.0">
    <ignored/>
  </testcase> <!-- @BeforeTest extentReportSetup -->
  <testcase classname="com.standardClass.in.BaseTest" name="@AfterTest extentClose" time="0.0">
    <ignored/>
  </testcase> <!-- @AfterTest extentClose -->
  <testcase classname="com.standardClass.in.BaseTest" name="@AfterTest extentClose" time="0.0">
    <ignored/>
  </testcase> <!-- @AfterTest extentClose -->
  <testcase classname="com.standardClass.in.BaseTest" name="@BeforeTest extentReportSetup" time="0.0">
    <ignored/>
  </testcase> <!-- @BeforeTest extentReportSetup -->
  <testcase classname="com.standardClass.in.BaseTest" name="@AfterTest extentClose" time="0.0">
    <ignored/>
  </testcase> <!-- @AfterTest extentClose -->
  <testcase classname="com.standardClass.in.BaseTest" name="@BeforeTest extentReportSetup" time="0.0">
    <ignored/>
  </testcase> <!-- @BeforeTest extentReportSetup -->
  <testcase classname="com.standardClass.in.BaseTest" name="@BeforeTest extentReportSetup" time="0.0">
    <ignored/>
  </testcase> <!-- @BeforeTest extentReportSetup -->
  <testcase classname="com.standardClass.in.BaseTest" name="@AfterTest extentClose" time="0.0">
    <ignored/>
  </testcase> <!-- @AfterTest extentClose -->
  <testcase classname="com.standardClass.in.BaseTest" name="@AfterTest extentClose" time="0.0">
    <ignored/>
  </testcase> <!-- @AfterTest extentClose -->
  <testcase classname="com.standardClass.in.BaseTest" name="@AfterTest extentClose" time="0.0">
    <ignored/>
  </testcase> <!-- @AfterTest extentClose -->
  <testcase classname="com.standardClass.in.BaseTest" name="@BeforeTest extentReportSetup" time="0.0">
    <ignored/>
  </testcase> <!-- @BeforeTest extentReportSetup -->
  <testcase classname="com.standardClass.in.BaseTest" name="@AfterTest extentClose" time="0.0">
    <ignored/>
  </testcase> <!-- @AfterTest extentClose -->
  <testcase classname="com.standardClass.in.BaseTest" name="@BeforeTest extentReportSetup" time="0.0">
    <ignored/>
  </testcase> <!-- @BeforeTest extentReportSetup -->
  <testcase classname="com.standardClass.in.BaseTest" name="@BeforeTest extentReportSetup" time="0.0">
    <ignored/>
  </testcase> <!-- @BeforeTest extentReportSetup -->
  <testcase classname="com.standardClass.in.BaseTest" name="@BeforeTest extentReportSetup" time="0.0">
    <ignored/>
  </testcase> <!-- @BeforeTest extentReportSetup -->
  <testcase classname="com.standardClass.in.BaseTest" name="@BeforeTest extentReportSetup" time="0.0">
    <ignored/>
  </testcase> <!-- @BeforeTest extentReportSetup -->
</testsuite> <!-- Sanity Testing -->
